<?xml version="1.0" encoding="UTF-8" ?>
<testsuite errors="0" failures="0" hostname="brillig" name="org.sd.anttasks.TestDependenciesTask" tests="3" time="0.074" timestamp="2009-07-24T05:45:51">
  <properties>
[...]
</properties>
  <testcase classname="org.sd.anttasks.TestDependenciesTask" name="testAsString" time="0.0050" />
  <testcase classname="org.sd.anttasks.TestDependenciesTask" name="testNullModulePattern" time="0.0010" />
  <testcase classname="org.sd.anttasks.TestDependenciesTask" name="testModulePattern" time="0.0010" />
  <system-out><![CDATA[]]></system-out>
  <system-err><![CDATA[]]></system-err>
</testsuite>
